<?xml version="1.0" encoding="UTF-8"?>
<!-- Generated by org.testng.reporters.JUnitReportReporter -->
<testsuite hostname="DESKTOP-CJNJCF2" failures="0" tests="1" name="g99IPTestData.LoginTest" time="2.675" errors="0" timestamp="2021-02-17T22:54:05 CST" skipped="0">
  <testcase classname="g99IPTestData.LoginTest" name="logIn" time="2.675"/>
  <system-out/>
</testsuite> <!-- g99IPTestData.LoginTest -->
