<?xml version="1.0" encoding="UTF-8"?>
<!-- Generated by org.testng.reporters.JUnitReportReporter -->
<testsuite hostname="DESKTOP-CJNJCF2" failures="0" tests="1" name="g99IPTestData.RegistrationTest" time="2.291" errors="0" timestamp="2021-02-17T22:03:14 CST" skipped="0">
  <testcase classname="g99IPTestData.RegistrationTest" name="logIn" time="2.291"/>
  <system-out/>
</testsuite> <!-- g99IPTestData.RegistrationTest -->
