<?xml version="1.0" encoding="UTF-8"?>
<!-- Generated by org.testng.reporters.JUnitReportReporter -->
<testsuite hostname="DESKTOP-CJNJCF2" failures="0" tests="1" name="g99IPTests.RequestQuotationTest" time="3.646" errors="0" timestamp="2021-02-18T17:00:18 CST" skipped="0">
  <testcase classname="g99IPTests.RequestQuotationTest" name="ReuestQuotaiontest2" time="3.646"/>
  <system-out/>
</testsuite> <!-- g99IPTests.RequestQuotationTest -->
