<?xml version="1.0" encoding="UTF-8"?>
<!-- Generated by org.testng.reporters.JUnitReportReporter -->
<testsuite hostname="DESKTOP-CJNJCF2" failures="0" tests="1" name="g99IPTests.LoginTest" time="2.227" errors="0" timestamp="2021-05-22T23:01:09 CDT" skipped="0">
  <testcase classname="g99IPTests.LoginTest" name="logIn" time="2.227"/>
  <system-out/>
</testsuite> <!-- g99IPTests.LoginTest -->
